# JRE version: Java(TM) SE Runtime Environment (24.0.1+9) (build 24.0.1+9-30)
# Java VM: Java HotSpot(TM) 64-Bit Server VM (24.0.1+9-30, mixed mode, sharing, tiered, compressed oops, compressed class ptrs, parallel gc, windows-amd64)
GC Precious Log:
 CardTable entry size: 512
 CPUs: 12 total, 12 available
 Memory: 7893M
 Large Page Support: Disabled
 NUMA Support: Disabled
 Compressed Oops: Enabled (32-bit)
 Alignments: Space 512K, Generation 512K, Heap 2M
 Heap Min Capacity: 100M
 Heap Initial Capacity: 100M
 Heap Max Capacity: 2G
 Pre-touch: Disabled
 Parallel Workers: 10
Heap:
 PSYoungGen      total 34304K, used 22297K [0x00000000d5580000, 0x00000000d7800000, 0x0000000100000000)
  eden space 33792K, 64% used [0x00000000d5580000,0x00000000d6ad66c0,0x00000000d7680000)
  from space 512K, 87% used [0x00000000d7700000,0x00000000d7770020,0x00000000d7780000)
  to   space 512K, 0% used [0x00000000d7780000,0x00000000d7780000,0x00000000d7800000)
 ParOldGen       total 392192K, used 391858K [0x0000000080000000, 0x0000000097f00000, 0x00000000d5580000)
  object space 392192K, 99% used [0x0000000080000000,0x0000000097eac808,0x0000000097f00000)
 Metaspace       used 53824K, committed 55168K, reserved 1114112K
  class space    used 4191K, committed 4736K, reserved 1048576K
GC Heap History (20 events):
Event: 21778.179 GC heap before
{Heap before GC invocations=1555 (full 7):
 PSYoungGen      total 44032K, used 37952K [0x00000000d5580000, 0x00000000d8680000, 0x0000000100000000)
  eden space 37888K, 100% used [0x00000000d5580000,0x00000000d7a80000,0x00000000d7a80000)
  from space 6144K, 1% used [0x00000000d7a80000,0x00000000d7a90000,0x00000000d8080000)
  to   space 1536K, 0% used [0x00000000d8500000,0x00000000d8500000,0x00000000d8680000)
 ParOldGen       total 350720K, used 349844K [0x0000000080000000, 0x0000000095680000, 0x00000000d5580000)
  object space 350720K, 99% used [0x0000000080000000,0x00000000955a5070,0x0000000095680000)
 Metaspace       used 51629K, committed 52864K, reserved 1114112K
  class space    used 3971K, committed 4480K, reserved 1048576K
}
Event: 21778.181 GC heap after
{Heap after GC invocations=1555 (full 7):
 PSYoungGen      total 38400K, used 1529K [0x00000000d5580000, 0x00000000d8680000, 0x0000000100000000)
  eden space 36864K, 0% used [0x00000000d5580000,0x00000000d5580000,0x00000000d7980000)
  from space 1536K, 99% used [0x00000000d8500000,0x00000000d867e430,0x00000000d8680000)
  to   space 2048K, 0% used [0x00000000d8280000,0x00000000d8280000,0x00000000d8480000)
 ParOldGen       total 350720K, used 349988K [0x0000000080000000, 0x0000000095680000, 0x00000000d5580000)
  object space 350720K, 99% used [0x0000000080000000,0x00000000955c9070,0x0000000095680000)
 Metaspace       used 51629K, committed 52864K, reserved 1114112K
  class space    used 3971K, committed 4480K, reserved 1048576K
}
Event: 21795.352 GC heap before
{Heap before GC invocations=1556 (full 7):
 PSYoungGen      total 38400K, used 38393K [0x00000000d5580000, 0x00000000d8680000, 0x0000000100000000)
  eden space 36864K, 100% used [0x00000000d5580000,0x00000000d7980000,0x00000000d7980000)
  from space 1536K, 99% used [0x00000000d8500000,0x00000000d867e430,0x00000000d8680000)
  to   space 2048K, 0% used [0x00000000d8280000,0x00000000d8280000,0x00000000d8480000)
 ParOldGen       total 350720K, used 349988K [0x0000000080000000, 0x0000000095680000, 0x00000000d5580000)
  object space 350720K, 99% used [0x0000000080000000,0x00000000955c9070,0x0000000095680000)
 Metaspace       used 51656K, committed 52864K, reserved 1114112K
  class space    used 3971K, committed 4480K, reserved 1048576K
}
Event: 21795.355 GC heap after
{Heap after GC invocations=1556 (full 7):
 PSYoungGen      total 37376K, used 1348K [0x00000000d5580000, 0x00000000d8580000, 0x0000000100000000)
  eden space 35840K, 0% used [0x00000000d5580000,0x00000000d5580000,0x00000000d7880000)
  from space 1536K, 87% used [0x00000000d8280000,0x00000000d83d13b8,0x00000000d8400000)
  to   space 1536K, 0% used [0x00000000d8400000,0x00000000d8400000,0x00000000d8580000)
 ParOldGen       total 351744K, used 351481K [0x0000000080000000, 0x0000000095780000, 0x00000000d5580000)
  object space 351744K, 99% used [0x0000000080000000,0x000000009573e630,0x0000000095780000)
 Metaspace       used 51656K, committed 52864K, reserved 1114112K
  class space    used 3971K, committed 4480K, reserved 1048576K
}
Event: 21795.865 GC heap before
{Heap before GC invocations=1557 (full 7):
 PSYoungGen      total 37376K, used 37013K [0x00000000d5580000, 0x00000000d8580000, 0x0000000100000000)
  eden space 35840K, 99% used [0x00000000d5580000,0x00000000d7854250,0x00000000d7880000)
  from space 1536K, 87% used [0x00000000d8280000,0x00000000d83d13b8,0x00000000d8400000)
  to   space 1536K, 0% used [0x00000000d8400000,0x00000000d8400000,0x00000000d8580000)
 ParOldGen       total 351744K, used 351481K [0x0000000080000000, 0x0000000095780000, 0x00000000d5580000)
  object space 351744K, 99% used [0x0000000080000000,0x000000009573e630,0x0000000095780000)
 Metaspace       used 51792K, committed 52992K, reserved 1114112K
  class space    used 3991K, committed 4480K, reserved 1048576K
}
Event: 21795.877 GC heap after
{Heap after GC invocations=1557 (full 7):
 PSYoungGen      total 27648K, used 1530K [0x00000000d5580000, 0x00000000da200000, 0x0000000100000000)
  eden space 26112K, 0% used [0x00000000d5580000,0x00000000d5580000,0x00000000d6f00000)
  from space 1536K, 99% used [0x00000000d8400000,0x00000000d857eab0,0x00000000d8580000)
  to   space 21504K, 0% used [0x00000000d6f00000,0x00000000d6f00000,0x00000000d8400000)
 ParOldGen       total 368640K, used 368247K [0x0000000080000000, 0x0000000096800000, 0x00000000d5580000)
  object space 368640K, 99% used [0x0000000080000000,0x000000009679dc98,0x0000000096800000)
 Metaspace       used 51792K, committed 52992K, reserved 1114112K
  class space    used 3991K, committed 4480K, reserved 1048576K
}
Event: 21795.943 GC heap before
{Heap before GC invocations=1558 (full 7):
 PSYoungGen      total 27648K, used 27642K [0x00000000d5580000, 0x00000000da200000, 0x0000000100000000)
  eden space 26112K, 100% used [0x00000000d5580000,0x00000000d6f00000,0x00000000d6f00000)
  from space 1536K, 99% used [0x00000000d8400000,0x00000000d857eab0,0x00000000d8580000)
  to   space 21504K, 0% used [0x00000000d6f00000,0x00000000d6f00000,0x00000000d8400000)
 ParOldGen       total 368640K, used 368247K [0x0000000080000000, 0x0000000096800000, 0x00000000d5580000)
  object space 368640K, 99% used [0x0000000080000000,0x000000009679dc98,0x0000000096800000)
 Metaspace       used 51854K, committed 53056K, reserved 1114112K
  class space    used 3993K, committed 4480K, reserved 1048576K
}
Event: 21795.947 GC heap after
{Heap after GC invocations=1558 (full 7):
 PSYoungGen      total 35328K, used 9632K [0x00000000d5580000, 0x00000000d8780000, 0x0000000100000000)
  eden space 25600K, 0% used [0x00000000d5580000,0x00000000d5580000,0x00000000d6e80000)
  from space 9728K, 99% used [0x00000000d6f00000,0x00000000d7868000,0x00000000d7880000)
  to   space 12800K, 0% used [0x00000000d7b00000,0x00000000d7b00000,0x00000000d8780000)
 ParOldGen       total 368640K, used 368383K [0x0000000080000000, 0x0000000096800000, 0x00000000d5580000)
  object space 368640K, 99% used [0x0000000080000000,0x00000000967bfc98,0x0000000096800000)
 Metaspace       used 51854K, committed 53056K, reserved 1114112K
  class space    used 3993K, committed 4480K, reserved 1048576K
}
Event: 21795.955 GC heap before
{Heap before GC invocations=1559 (full 7):
 PSYoungGen      total 35328K, used 29012K [0x00000000d5580000, 0x00000000d8780000, 0x0000000100000000)
  eden space 25600K, 75% used [0x00000000d5580000,0x00000000d686d0b8,0x00000000d6e80000)
  from space 9728K, 99% used [0x00000000d6f00000,0x00000000d7868000,0x00000000d7880000)
  to   space 12800K, 0% used [0x00000000d7b00000,0x00000000d7b00000,0x00000000d8780000)
 ParOldGen       total 368640K, used 368383K [0x0000000080000000, 0x0000000096800000, 0x00000000d5580000)
  object space 368640K, 99% used [0x0000000080000000,0x00000000967bfc98,0x0000000096800000)
 Metaspace       used 51860K, committed 53056K, reserved 1114112K
  class space    used 3994K, committed 4480K, reserved 1048576K
}
Event: 21795.962 GC heap after
{Heap after GC invocations=1559 (full 7):
 PSYoungGen      total 33280K, used 7968K [0x00000000d5580000, 0x00000000d8300000, 0x0000000100000000)
  eden space 25088K, 0% used [0x00000000d5580000,0x00000000d5580000,0x00000000d6e00000)
  from space 8192K, 97% used [0x00000000d7b00000,0x00000000d82c8010,0x00000000d8300000)
  to   space 9216K, 0% used [0x00000000d7100000,0x00000000d7100000,0x00000000d7a00000)
 ParOldGen       total 391168K, used 390775K [0x0000000080000000, 0x0000000097e00000, 0x00000000d5580000)
  object space 391168K, 99% used [0x0000000080000000,0x0000000097d9dcb8,0x0000000097e00000)
 Metaspace       used 51860K, committed 53056K, reserved 1114112K
  class space    used 3994K, committed 4480K, reserved 1048576K
}
Event: 21796.441 GC heap before
{Heap before GC invocations=1560 (full 7):
 PSYoungGen      total 33280K, used 33056K [0x00000000d5580000, 0x00000000d8300000, 0x0000000100000000)
  eden space 25088K, 100% used [0x00000000d5580000,0x00000000d6e00000,0x00000000d6e00000)
  from space 8192K, 97% used [0x00000000d7b00000,0x00000000d82c8010,0x00000000d8300000)
  to   space 9216K, 0% used [0x00000000d7100000,0x00000000d7100000,0x00000000d7a00000)
 ParOldGen       total 391168K, used 390775K [0x0000000080000000, 0x0000000097e00000, 0x00000000d5580000)
  object space 391168K, 99% used [0x0000000080000000,0x0000000097d9dcb8,0x0000000097e00000)
 Metaspace       used 53186K, committed 54400K, reserved 1114112K
  class space    used 4134K, committed 4608K, reserved 1048576K
}
Event: 21796.446 GC heap after
{Heap after GC invocations=1560 (full 7):
 PSYoungGen      total 29184K, used 576K [0x00000000d5580000, 0x00000000d7b80000, 0x0000000100000000)
  eden space 28160K, 0% used [0x00000000d5580000,0x00000000d5580000,0x00000000d7100000)
  from space 1024K, 56% used [0x00000000d7100000,0x00000000d7190000,0x00000000d7200000)
  to   space 3584K, 0% used [0x00000000d7800000,0x00000000d7800000,0x00000000d7b80000)
 ParOldGen       total 391168K, used 390855K [0x0000000080000000, 0x0000000097e00000, 0x00000000d5580000)
  object space 391168K, 99% used [0x0000000080000000,0x0000000097db1cb8,0x0000000097e00000)
 Metaspace       used 53186K, committed 54400K, reserved 1114112K
  class space    used 4134K, committed 4608K, reserved 1048576K
}
Event: 22125.030 GC heap before
{Heap before GC invocations=1561 (full 7):
 PSYoungGen      total 29184K, used 28736K [0x00000000d5580000, 0x00000000d7b80000, 0x0000000100000000)
  eden space 28160K, 100% used [0x00000000d5580000,0x00000000d7100000,0x00000000d7100000)
  from space 1024K, 56% used [0x00000000d7100000,0x00000000d7190000,0x00000000d7200000)
  to   space 3584K, 0% used [0x00000000d7800000,0x00000000d7800000,0x00000000d7b80000)
 ParOldGen       total 391168K, used 390855K [0x0000000080000000, 0x0000000097e00000, 0x00000000d5580000)
  object space 391168K, 99% used [0x0000000080000000,0x0000000097db1cb8,0x0000000097e00000)
 Metaspace       used 53614K, committed 54912K, reserved 1114112K
  class space    used 4177K, committed 4672K, reserved 1048576K
}
Event: 22125.044 GC heap after
{Heap after GC invocations=1561 (full 7):
 PSYoungGen      total 34304K, used 736K [0x00000000d5580000, 0x00000000d7900000, 0x0000000100000000)
  eden space 33280K, 0% used [0x00000000d5580000,0x00000000d5580000,0x00000000d7600000)
  from space 1024K, 71% used [0x00000000d7800000,0x00000000d78b8000,0x00000000d7900000)
  to   space 1536K, 0% used [0x00000000d7600000,0x00000000d7600000,0x00000000d7780000)
 ParOldGen       total 391680K, used 391206K [0x0000000080000000, 0x0000000097e80000, 0x00000000d5580000)
  object space 391680K, 99% used [0x0000000080000000,0x0000000097e099f8,0x0000000097e80000)
 Metaspace       used 53614K, committed 54912K, reserved 1114112K
  class space    used 4177K, committed 4672K, reserved 1048576K
}
Event: 23498.946 GC heap before
{Heap before GC invocations=1562 (full 7):
 PSYoungGen      total 34304K, used 34016K [0x00000000d5580000, 0x00000000d7900000, 0x0000000100000000)
  eden space 33280K, 100% used [0x00000000d5580000,0x00000000d7600000,0x00000000d7600000)
  from space 1024K, 71% used [0x00000000d7800000,0x00000000d78b8000,0x00000000d7900000)
  to   space 1536K, 0% used [0x00000000d7600000,0x00000000d7600000,0x00000000d7780000)
 ParOldGen       total 391680K, used 391206K [0x0000000080000000, 0x0000000097e80000, 0x00000000d5580000)
  object space 391680K, 99% used [0x0000000080000000,0x0000000097e099f8,0x0000000097e80000)
 Metaspace       used 53668K, committed 55040K, reserved 1114112K
  class space    used 4187K, committed 4736K, reserved 1048576K
}
Event: 23498.968 GC heap after
{Heap after GC invocations=1562 (full 7):
 PSYoungGen      total 34304K, used 448K [0x00000000d5580000, 0x00000000d7880000, 0x0000000100000000)
  eden space 32768K, 0% used [0x00000000d5580000,0x00000000d5580000,0x00000000d7580000)
  from space 1536K, 29% used [0x00000000d7600000,0x00000000d7670020,0x00000000d7780000)
  to   space 1024K, 0% used [0x00000000d7780000,0x00000000d7780000,0x00000000d7880000)
 ParOldGen       total 391680K, used 391657K [0x0000000080000000, 0x0000000097e80000, 0x00000000d5580000)
  object space 391680K, 99% used [0x0000000080000000,0x0000000097e7a7e8,0x0000000097e80000)
 Metaspace       used 53668K, committed 55040K, reserved 1114112K
  class space    used 4187K, committed 4736K, reserved 1048576K
}
Event: 25304.752 GC heap before
{Heap before GC invocations=1563 (full 7):
 PSYoungGen      total 34304K, used 33216K [0x00000000d5580000, 0x00000000d7880000, 0x0000000100000000)
  eden space 32768K, 100% used [0x00000000d5580000,0x00000000d7580000,0x00000000d7580000)
  from space 1536K, 29% used [0x00000000d7600000,0x00000000d7670020,0x00000000d7780000)
  to   space 1024K, 0% used [0x00000000d7780000,0x00000000d7780000,0x00000000d7880000)
 ParOldGen       total 391680K, used 391657K [0x0000000080000000, 0x0000000097e80000, 0x00000000d5580000)
  object space 391680K, 99% used [0x0000000080000000,0x0000000097e7a7e8,0x0000000097e80000)
 Metaspace       used 53688K, committed 55040K, reserved 1114112K
  class space    used 4187K, committed 4736K, reserved 1048576K
}
Event: 25304.874 GC heap after
{Heap after GC invocations=1563 (full 7):
 PSYoungGen      total 34816K, used 384K [0x00000000d5580000, 0x00000000d7800000, 0x0000000100000000)
  eden space 34304K, 0% used [0x00000000d5580000,0x00000000d5580000,0x00000000d7700000)
  from space 512K, 75% used [0x00000000d7780000,0x00000000d77e0000,0x00000000d7800000)
  to   space 512K, 0% used [0x00000000d7700000,0x00000000d7700000,0x00000000d7780000)
 ParOldGen       total 392192K, used 391810K [0x0000000080000000, 0x0000000097f00000, 0x00000000d5580000)
  object space 392192K, 99% used [0x0000000080000000,0x0000000097ea0808,0x0000000097f00000)
 Metaspace       used 53688K, committed 55040K, reserved 1114112K
  class space    used 4187K, committed 4736K, reserved 1048576K
}
Event: 25431.193 GC heap before
{Heap before GC invocations=1564 (full 7):
 PSYoungGen      total 34816K, used 34688K [0x00000000d5580000, 0x00000000d7800000, 0x0000000100000000)
  eden space 34304K, 100% used [0x00000000d5580000,0x00000000d7700000,0x00000000d7700000)
  from space 512K, 75% used [0x00000000d7780000,0x00000000d77e0000,0x00000000d7800000)
  to   space 512K, 0% used [0x00000000d7700000,0x00000000d7700000,0x00000000d7780000)
 ParOldGen       total 392192K, used 391810K [0x0000000080000000, 0x0000000097f00000, 0x00000000d5580000)
  object space 392192K, 99% used [0x0000000080000000,0x0000000097ea0808,0x0000000097f00000)
 Metaspace       used 53750K, committed 55104K, reserved 1114112K
  class space    used 4191K, committed 4736K, reserved 1048576K
}
Event: 25431.198 GC heap after
{Heap after GC invocations=1564 (full 7):
 PSYoungGen      total 34304K, used 448K [0x00000000d5580000, 0x00000000d7800000, 0x0000000100000000)
  eden space 33792K, 0% used [0x00000000d5580000,0x00000000d5580000,0x00000000d7680000)
  from space 512K, 87% used [0x00000000d7700000,0x00000000d7770020,0x00000000d7780000)
  to   space 512K, 0% used [0x00000000d7780000,0x00000000d7780000,0x00000000d7800000)
 ParOldGen       total 392192K, used 391858K [0x0000000080000000, 0x0000000097f00000, 0x00000000d5580000)
  object space 392192K, 99% used [0x0000000080000000,0x0000000097eac808,0x0000000097f00000)
 Metaspace       used 53750K, committed 55104K, reserved 1114112K
  class space    used 4191K, committed 4736K, reserved 1048576K
}

